[debug] [2022-12-20T10:23:36.125Z] ----------------------------------------------------------------------
[debug] [2022-12-20T10:23:36.126Z] Command:       C:\Program Files\nodejs\node.exe C:\Users\cuongnv26\AppData\Roaming\npm\node_modules\firebase-tools\lib\bin\firebase.js init
[debug] [2022-12-20T10:23:36.127Z] CLI Version:   11.19.0
[debug] [2022-12-20T10:23:36.127Z] Platform:      win32
[debug] [2022-12-20T10:23:36.127Z] Node Version:  v16.13.2
[debug] [2022-12-20T10:23:36.128Z] Time:          Tue Dec 20 2022 17:23:36 GMT+0700 (Indochina Time)
[debug] [2022-12-20T10:23:36.128Z] ----------------------------------------------------------------------
[debug] 
[debug] [2022-12-20T10:23:36.185Z] > command requires scopes: ["email","openid","https://www.googleapis.com/auth/cloudplatformprojects.readonly","https://www.googleapis.com/auth/firebase","https://www.googleapis.com/auth/cloud-platform"]
[debug] [2022-12-20T10:23:36.185Z] > authorizing via signed-in user (nguyenvancuong.tm@gmail.com)
[info] 
     ######## #### ########  ######## ########     ###     ######  ########
     ##        ##  ##     ## ##       ##     ##  ##   ##  ##       ##
     ######    ##  ########  ######   ########  #########  ######  ######
     ##        ##  ##    ##  ##       ##     ## ##     ##       ## ##
     ##       #### ##     ## ######## ########  ##     ##  ######  ########

You're about to initialize a Firebase project in this directory:

  D:\project\json-sever

Before we get started, keep in mind:

  * You are initializing within an existing Firebase project directory

[info] 
=== Project Setup
[info] 
[info] First, let's associate this project directory with a Firebase project.
[info] You can create multiple project aliases by running firebase use --add, 
[info] but for now we'll just set up a default project.
[info] 
[debug] [2022-12-20T10:23:58.137Z] >>> [apiv2][query] GET https://firebase.googleapis.com/v1beta1/projects pageSize=100
[debug] [2022-12-20T10:23:58.753Z] <<< [apiv2][status] GET https://firebase.googleapis.com/v1beta1/projects 200
[debug] [2022-12-20T10:23:58.753Z] <<< [apiv2][body] GET https://firebase.googleapis.com/v1beta1/projects [omitted]
[info] i  Using project fir-demo-3f20a (firebase-demo) 
[info] 
=== Hosting:github Setup
[info] 
[info] i  Detected a .git folder at D:\project\json-sever 
[info] i  Authorizing with GitHub to upload your service account to a GitHub repository's secrets store. 
[info] 
[info] Visit this URL on this device to log in:
[info] https://github.com/login/oauth/authorize?client_id=89cf50f02ac6aaed3484&state=505417955&redirect_uri=http%3A%2F%2Flocalhost%3A9005&scope=read%3Auser%20repo%20public_repo
[info] 
[info] Waiting for authentication...
[debug] [2022-12-20T10:24:25.910Z] >>> [apiv2][query] POST https://github.com/login/oauth/access_token [none]
[debug] [2022-12-20T10:24:25.910Z] >>> [apiv2][body] POST https://github.com/login/oauth/access_token [stream]
[debug] [2022-12-20T10:24:26.444Z] <<< [apiv2][status] POST https://github.com/login/oauth/access_token 200
[debug] [2022-12-20T10:24:26.444Z] <<< [apiv2][body] POST https://github.com/login/oauth/access_token {"access_token":"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","token_type":"bearer","scope":"read:user,repo"}
[debug] [2022-12-20T10:24:26.461Z] >>> [apiv2][query] GET https://api.github.com/user [none]
[debug] [2022-12-20T10:24:26.943Z] <<< [apiv2][status] GET https://api.github.com/user 200
[debug] [2022-12-20T10:24:26.943Z] <<< [apiv2][body] GET https://api.github.com/user {"login":"cuongnv93","id":38067379,"node_id":"MDQ6VXNlcjM4MDY3Mzc5","avatar_url":"https://avatars.githubusercontent.com/u/38067379?v=4","gravatar_id":"","url":"https://api.github.com/users/cuongnv93","html_url":"https://github.com/cuongnv93","followers_url":"https://api.github.com/users/cuongnv93/followers","following_url":"https://api.github.com/users/cuongnv93/following{/other_user}","gists_url":"https://api.github.com/users/cuongnv93/gists{/gist_id}","starred_url":"https://api.github.com/users/cuongnv93/starred{/owner}{/repo}","subscriptions_url":"https://api.github.com/users/cuongnv93/subscriptions","organizations_url":"https://api.github.com/users/cuongnv93/orgs","repos_url":"https://api.github.com/users/cuongnv93/repos","events_url":"https://api.github.com/users/cuongnv93/events{/privacy}","received_events_url":"https://api.github.com/users/cuongnv93/received_events","type":"User","site_admin":false,"name":null,"company":null,"blog":"","location":null,"email":null,"hireable":null,"bio":null,"twitter_username":null,"public_repos":8,"public_gists":1,"followers":0,"following":0,"created_at":"2018-04-04T08:31:54Z","updated_at":"2022-12-13T07:04:09Z","private_gists":0,"total_private_repos":0,"owned_private_repos":0,"disk_usage":35980,"collaborators":0,"two_factor_authentication":false,"plan":{"name":"free","space":976562499,"collaborators":0,"private_repos":10000}}
[info] 
[info] +  Success! Logged into GitHub as cuongnv93 
[info] 
[debug] [2022-12-20T10:25:00.673Z] >>> [apiv2][query] GET https://api.github.com/repos//actions/secrets/public-key type=owner
[debug] [2022-12-20T10:25:01.122Z] <<< [apiv2][status] GET https://api.github.com/repos//actions/secrets/public-key 404
[debug] [2022-12-20T10:25:01.122Z] <<< [apiv2][body] GET https://api.github.com/repos//actions/secrets/public-key {"message":"Not Found","documentation_url":"https://docs.github.com/rest"}
[debug] [2022-12-20T10:25:05.457Z] >>> [apiv2][query] GET https://api.github.com/repos//actions/secrets/public-key type=owner
[debug] [2022-12-20T10:25:05.880Z] <<< [apiv2][status] GET https://api.github.com/repos//actions/secrets/public-key 404
[debug] [2022-12-20T10:25:05.880Z] <<< [apiv2][body] GET https://api.github.com/repos//actions/secrets/public-key {"message":"Not Found","documentation_url":"https://docs.github.com/rest"}
